app/build_backup/intermediates/manifest_merge_blame_file/debug/processDebugMainManifest/manifest-merger-blame-debug-report.txt
1<?xml version="1.0" encoding="utf-8"?>
2<manifest xmlns:android="http://schemas.android.com/apk/res/android"
3    package="com.teslaphoneguardpro"
4    android:versionCode="1"
5    android:versionName="1.0" >
6
7    <uses-sdk
8        android:minSdkVersion="26"
9        android:targetSdkVersion="34" />
10
11    <uses-permission android:name="android.permission.FOREGROUND_SERVICE" />
11-->src\main\AndroidManifest.xml:5:5-6:51
11-->src\main\AndroidManifest.xml:5:22-74
12    <uses-permission android:name="android.permission.FOREGROUND_SERVICE_SPECIAL_USE" />
12-->src\main\AndroidManifest.xml:7:5-89
12-->src\main\AndroidManifest.xml:7:22-86
13    <uses-permission android:name="android.permission.RECEIVE_BOOT_COMPLETED" />
13-->src\main\AndroidManifest.xml:8:5-81
13-->src\main\AndroidManifest.xml:8:22-78
14    <uses-permission android:name="android.permission.REQUEST_IGNORE_BATTERY_OPTIMIZATIONS" />
14-->src\main\AndroidManifest.xml:9:5-95
14-->src\main\AndroidManifest.xml:9:22-92
15
16    <permission
16-->[androidx.core:core:1.12.0] AndroidManifest.xml:22:5-24:47
17        android:name="com.teslaphoneguardpro.DYNAMIC_RECEIVER_NOT_EXPORTED_PERMISSION"
17-->[androidx.core:core:1.12.0] AndroidManifest.xml:23:9-81
18        android:protectionLevel="signature" />
18-->[androidx.core:core:1.12.0] AndroidManifest.xml:24:9-44
19
20    <uses-permission android:name="com.teslaphoneguardpro.DYNAMIC_RECEIVER_NOT_EXPORTED_PERMISSION" />
20-->[androidx.core:core:1.12.0] AndroidManifest.xml:26:5-97
20-->[androidx.core:core:1.12.0] AndroidManifest.xml:26:22-94
21
22    <application
22-->src\main\AndroidManifest.xml:11:5-65:19
23        android:allowBackup="false"
23-->src\main\AndroidManifest.xml:12:9-36
24        android:appComponentFactory="androidx.core.app.CoreComponentFactory"
24-->[androidx.core:core:1.12.0] AndroidManifest.xml:28:18-86
25        android:dataExtractionRules="@xml/data_extraction_rules"
25-->src\main\AndroidManifest.xml:13:9-65
26        android:debuggable="true"
27        android:extractNativeLibs="false"
28        android:fullBackupContent="@xml/backup_rules"
28-->src\main\AndroidManifest.xml:14:9-54
29        android:icon="@drawable/ic_launcher"
29-->src\main\AndroidManifest.xml:15:9-45
30        android:label="@string/app_name"
30-->src\main\AndroidManifest.xml:16:9-41
31        android:roundIcon="@drawable/ic_launcher"
31-->src\main\AndroidManifest.xml:17:9-50
32        android:supportsRtl="true"
32-->src\main\AndroidManifest.xml:18:9-35
33        android:theme="@style/Theme.TeslaPhoneGuardPro" >
33-->src\main\AndroidManifest.xml:19:9-56
34        <activity
34-->src\main\AndroidManifest.xml:22:9-29:20
35            android:name="com.teslaphoneguardpro.MainActivity"
35-->src\main\AndroidManifest.xml:23:13-41
36            android:exported="true" >
36-->src\main\AndroidManifest.xml:24:13-36
37            <intent-filter>
37-->src\main\AndroidManifest.xml:25:13-28:29
38                <action android:name="android.intent.action.MAIN" />
38-->src\main\AndroidManifest.xml:26:17-69
38-->src\main\AndroidManifest.xml:26:25-66
39
40                <category android:name="android.intent.category.LAUNCHER" />
40-->src\main\AndroidManifest.xml:27:17-77
40-->src\main\AndroidManifest.xml:27:27-74
41            </intent-filter>
42        </activity>
43
44        <service
44-->src\main\AndroidManifest.xml:31:9-36:19
45            android:name="com.teslaphoneguardpro.GuardService"
45-->src\main\AndroidManifest.xml:31:18-46
46            android:directBootAware="true"
46-->src\main\AndroidManifest.xml:33:13-43
47            android:enabled="true"
47-->src\main\AndroidManifest.xml:31:47-69
48            android:exported="false"
48-->src\main\AndroidManifest.xml:31:70-94
49            android:foregroundServiceType="specialUse" >
49-->src\main\AndroidManifest.xml:32:13-55
50            <property
50-->src\main\AndroidManifest.xml:35:13-121
51                android:name="android.app.PROPERTY_SPECIAL_USE_FGS_SUBTYPE"
51-->src\main\AndroidManifest.xml:35:23-82
52                android:value="Security Monitoring" />
52-->src\main\AndroidManifest.xml:35:83-118
53        </service>
54
55        <receiver
55-->src\main\AndroidManifest.xml:38:9-53:20
56            android:name="com.teslaphoneguardpro.AdminReceiver"
56-->src\main\AndroidManifest.xml:39:13-42
57            android:description="@string/admin_description"
57-->src\main\AndroidManifest.xml:40:13-60
58            android:exported="true"
58-->src\main\AndroidManifest.xml:43:13-36
59            android:label="@string/admin_label"
59-->src\main\AndroidManifest.xml:41:13-48
60            android:permission="android.permission.BIND_DEVICE_ADMIN" >
60-->src\main\AndroidManifest.xml:42:13-70
61            <meta-data
61-->src\main\AndroidManifest.xml:44:13-46:56
62                android:name="android.app.device_admin"
62-->src\main\AndroidManifest.xml:45:17-56
63                android:resource="@xml/device_admin" />
63-->src\main\AndroidManifest.xml:46:17-53
64
65            <intent-filter>
65-->src\main\AndroidManifest.xml:47:13-52:29
66                <action android:name="android.app.action.DEVICE_ADMIN_ENABLED" />
66-->src\main\AndroidManifest.xml:48:17-82
66-->src\main\AndroidManifest.xml:48:25-79
67                <action android:name="android.app.action.DEVICE_ADMIN_DISABLED" />
67-->src\main\AndroidManifest.xml:49:17-83
67-->src\main\AndroidManifest.xml:49:25-80
68                <action android:name="android.app.action.ACTION_PASSWORD_FAILED" />
68-->src\main\AndroidManifest.xml:50:17-84
68-->src\main\AndroidManifest.xml:50:25-81
69                <action android:name="android.app.action.ACTION_PASSWORD_SUCCEEDED" />
69-->src\main\AndroidManifest.xml:51:17-87
69-->src\main\AndroidManifest.xml:51:25-84
70            </intent-filter>
71        </receiver>
72
73        <!-- UsbReceiver registered dynamically in GuardService for better reliability -->
74
75        <receiver
75-->src\main\AndroidManifest.xml:57:9-112
76            android:name="com.teslaphoneguardpro.InactivityReceiver"
76-->src\main\AndroidManifest.xml:57:19-53
77            android:directBootAware="true"
77-->src\main\AndroidManifest.xml:57:79-109
78            android:exported="false" />
78-->src\main\AndroidManifest.xml:57:54-78
79        <receiver
79-->src\main\AndroidManifest.xml:59:9-64:20
80            android:name="com.teslaphoneguardpro.BootReceiver"
80-->src\main\AndroidManifest.xml:59:19-47
81            android:directBootAware="true"
81-->src\main\AndroidManifest.xml:59:72-102
82            android:exported="true" >
82-->src\main\AndroidManifest.xml:59:48-71
83            <intent-filter>
83-->src\main\AndroidManifest.xml:60:13-63:29
84                <action android:name="android.intent.action.BOOT_COMPLETED" />
84-->src\main\AndroidManifest.xml:61:17-78
84-->src\main\AndroidManifest.xml:61:25-76
85                <action android:name="android.intent.action.LOCKED_BOOT_COMPLETED" />
85-->src\main\AndroidManifest.xml:62:17-86
85-->src\main\AndroidManifest.xml:62:25-83
86            </intent-filter>
87        </receiver>
88
89        <provider
89-->[androidx.emoji2:emoji2:1.2.0] AndroidManifest.xml:24:9-32:20
90            android:name="androidx.startup.InitializationProvider"
90-->[androidx.emoji2:emoji2:1.2.0] AndroidManifest.xml:25:13-67
91            android:authorities="com.teslaphoneguardpro.androidx-startup"
91-->[androidx.emoji2:emoji2:1.2.0] AndroidManifest.xml:26:13-68
92            android:exported="false" >
92-->[androidx.emoji2:emoji2:1.2.0] AndroidManifest.xml:27:13-37
93            <meta-data
93-->[androidx.emoji2:emoji2:1.2.0] AndroidManifest.xml:29:13-31:52
94                android:name="androidx.emoji2.text.EmojiCompatInitializer"
94-->[androidx.emoji2:emoji2:1.2.0] AndroidManifest.xml:30:17-75
95                android:value="androidx.startup" />
95-->[androidx.emoji2:emoji2:1.2.0] AndroidManifest.xml:31:17-49
96            <meta-data
96-->[androidx.lifecycle:lifecycle-process:2.6.1] AndroidManifest.xml:29:13-31:52
97                android:name="androidx.lifecycle.ProcessLifecycleInitializer"
97-->[androidx.lifecycle:lifecycle-process:2.6.1] AndroidManifest.xml:30:17-78
98                android:value="androidx.startup" />
98-->[androidx.lifecycle:lifecycle-process:2.6.1] AndroidManifest.xml:31:17-49
99            <meta-data
99-->[androidx.profileinstaller:profileinstaller:1.3.0] AndroidManifest.xml:29:13-31:52
100                android:name="androidx.profileinstaller.ProfileInstallerInitializer"
100-->[androidx.profileinstaller:profileinstaller:1.3.0] AndroidManifest.xml:30:17-85
101                android:value="androidx.startup" />
101-->[androidx.profileinstaller:profileinstaller:1.3.0] AndroidManifest.xml:31:17-49
102        </provider>
103
104        <receiver
104-->[androidx.profileinstaller:profileinstaller:1.3.0] AndroidManifest.xml:34:9-52:20
105            android:name="androidx.profileinstaller.ProfileInstallReceiver"
105-->[androidx.profileinstaller:profileinstaller:1.3.0] AndroidManifest.xml:35:13-76
106            android:directBootAware="false"
106-->[androidx.profileinstaller:profileinstaller:1.3.0] AndroidManifest.xml:36:13-44
107            android:enabled="true"
107-->[androidx.profileinstaller:profileinstaller:1.3.0] AndroidManifest.xml:37:13-35
108            android:exported="true"
108-->[androidx.profileinstaller:profileinstaller:1.3.0] AndroidManifest.xml:38:13-36
109            android:permission="android.permission.DUMP" >
109-->[androidx.profileinstaller:profileinstaller:1.3.0] AndroidManifest.xml:39:13-57
110            <intent-filter>
110-->[androidx.profileinstaller:profileinstaller:1.3.0] AndroidManifest.xml:40:13-42:29
111                <action android:name="androidx.profileinstaller.action.INSTALL_PROFILE" />
111-->[androidx.profileinstaller:profileinstaller:1.3.0] AndroidManifest.xml:41:17-91
111-->[androidx.profileinstaller:profileinstaller:1.3.0] AndroidManifest.xml:41:25-88
112            </intent-filter>
113            <intent-filter>
113-->[androidx.profileinstaller:profileinstaller:1.3.0] AndroidManifest.xml:43:13-45:29
114                <action android:name="androidx.profileinstaller.action.SKIP_FILE" />
114-->[androidx.profileinstaller:profileinstaller:1.3.0] AndroidManifest.xml:44:17-85
114-->[androidx.profileinstaller:profileinstaller:1.3.0] AndroidManifest.xml:44:25-82
115            </intent-filter>
116            <intent-filter>
116-->[androidx.profileinstaller:profileinstaller:1.3.0] AndroidManifest.xml:46:13-48:29
117                <action android:name="androidx.profileinstaller.action.SAVE_PROFILE" />
117-->[androidx.profileinstaller:profileinstaller:1.3.0] AndroidManifest.xml:47:17-88
117-->[androidx.profileinstaller:profileinstaller:1.3.0] AndroidManifest.xml:47:25-85
118            </intent-filter>
119            <intent-filter>
119-->[androidx.profileinstaller:profileinstaller:1.3.0] AndroidManifest.xml:49:13-51:29
120                <action android:name="androidx.profileinstaller.action.BENCHMARK_OPERATION" />
120-->[androidx.profileinstaller:profileinstaller:1.3.0] AndroidManifest.xml:50:17-95
120-->[androidx.profileinstaller:profileinstaller:1.3.0] AndroidManifest.xml:50:25-92
121            </intent-filter>
122        </receiver>
123    </application>
124
125</manifest>